<?xml version="1.0" encoding="UTF-8"?>
<Site BuildName="(empty)"
	BuildStamp="20231122-1009-Experimental"
	Name="kim"
	Generator="ctest-3.16.3"
	CompilerName="/usr/bin/aarch64-linux-gnu-g++"
	CompilerVersion="9.4.0"
	OSName="Linux"
	Hostname="kim"
	OSRelease="5.4.0-166-generic"
	OSVersion="#183-Ubuntu SMP Mon Oct 2 11:31:37 UTC 2023"
	OSPlatform="aarch64"
	Is64Bits="1"
	VendorString=""
	VendorID="Unknown Manufacturer"
	FamilyID="8"
	ModelID="0"
	ProcessorCacheSize="0"
	NumberOfLogicalCPU="4"
	NumberOfPhysicalCPU="1"
	TotalVirtualMemory="2047"
	TotalPhysicalMemory="7937"
	LogicalProcessorsPerPhysical="4"
	ProcessorClockFrequency="0"
	>
	<Testing>
		<StartDateTime>Nov 22 10:17 UTC</StartDateTime>
		<StartTestTime>1700648271</StartTestTime>
		<TestList/>
		<EndDateTime>Nov 22 10:17 UTC</EndDateTime>
		<EndTestTime>1700648271</EndTestTime>
		<ElapsedMinutes>0</ElapsedMinutes>
	</Testing>
</Site>
